c:\users\warmcheese\documents\comp_2006\bankingsystem\bankingsystem\bankingsystem\debug\vc141.pdb
c:\users\warmcheese\documents\comp_2006\bankingsystem\bankingsystem\bankingsystem\debug\vc141.idb
c:\users\warmcheese\documents\comp_2006\bankingsystem\bankingsystem\bankingsystem\debug\person.obj
c:\users\warmcheese\documents\comp_2006\bankingsystem\bankingsystem\bankingsystem\debug\main.obj
c:\users\warmcheese\documents\comp_2006\bankingsystem\bankingsystem\bankingsystem\debug\dob.obj
c:\users\warmcheese\documents\comp_2006\bankingsystem\bankingsystem\bankingsystem\debug\menu.obj
c:\users\warmcheese\documents\comp_2006\bankingsystem\bankingsystem\bankingsystem\debug\customer.obj
c:\users\warmcheese\documents\comp_2006\bankingsystem\bankingsystem\bankingsystem\debug\savingsaccount.obj
c:\users\warmcheese\documents\comp_2006\bankingsystem\bankingsystem\bankingsystem\debug\account.obj
c:\users\warmcheese\documents\comp_2006\bankingsystem\bankingsystem\bankingsystem\debug\chequingaccount.obj
c:\users\warmcheese\documents\comp_2006\bankingsystem\bankingsystem\bankingsystem\debug\mainmenu.obj
c:\users\warmcheese\documents\comp_2006\bankingsystem\bankingsystem\debug\bankingsystem.pdb
c:\users\warmcheese\documents\comp_2006\bankingsystem\bankingsystem\bankingsystem\debug\bankingsystem.tlog\cl.command.1.tlog
c:\users\warmcheese\documents\comp_2006\bankingsystem\bankingsystem\bankingsystem\debug\bankingsystem.tlog\cl.read.1.tlog
c:\users\warmcheese\documents\comp_2006\bankingsystem\bankingsystem\bankingsystem\debug\bankingsystem.tlog\cl.write.1.tlog
c:\users\warmcheese\documents\comp_2006\bankingsystem\bankingsystem\bankingsystem\debug\bankingsystem.tlog\link-cvtres.read.1.tlog
c:\users\warmcheese\documents\comp_2006\bankingsystem\bankingsystem\bankingsystem\debug\bankingsystem.tlog\link-cvtres.write.1.tlog
c:\users\warmcheese\documents\comp_2006\bankingsystem\bankingsystem\bankingsystem\debug\bankingsystem.tlog\link-rc.read.1.tlog
c:\users\warmcheese\documents\comp_2006\bankingsystem\bankingsystem\bankingsystem\debug\bankingsystem.tlog\link-rc.write.1.tlog
c:\users\warmcheese\documents\comp_2006\bankingsystem\bankingsystem\bankingsystem\debug\bankingsystem.tlog\link.5992-cvtres.read.1.tlog
c:\users\warmcheese\documents\comp_2006\bankingsystem\bankingsystem\bankingsystem\debug\bankingsystem.tlog\link.5992-cvtres.write.1.tlog
c:\users\warmcheese\documents\comp_2006\bankingsystem\bankingsystem\bankingsystem\debug\bankingsystem.tlog\link.5992-rc.read.1.tlog
c:\users\warmcheese\documents\comp_2006\bankingsystem\bankingsystem\bankingsystem\debug\bankingsystem.tlog\link.5992-rc.write.1.tlog
c:\users\warmcheese\documents\comp_2006\bankingsystem\bankingsystem\bankingsystem\debug\bankingsystem.tlog\link.5992.read.1.tlog
c:\users\warmcheese\documents\comp_2006\bankingsystem\bankingsystem\bankingsystem\debug\bankingsystem.tlog\link.5992.write.1.tlog
c:\users\warmcheese\documents\comp_2006\bankingsystem\bankingsystem\bankingsystem\debug\bankingsystem.tlog\link.command.1.tlog
c:\users\warmcheese\documents\comp_2006\bankingsystem\bankingsystem\bankingsystem\debug\bankingsystem.tlog\link.read.1.tlog
c:\users\warmcheese\documents\comp_2006\bankingsystem\bankingsystem\bankingsystem\debug\bankingsystem.tlog\link.write.1.tlog
